{
  "RSpec": {
    "coverage": {
      "/Users/paulgrever/Documents/paid_projects/dr_kealy/spec/controllers/home_controller_spec.rb": [
        1,
        null,
        1,
        null,
        null
      ],
      "/Users/paulgrever/Documents/paid_projects/dr_kealy/spec/rails_helper.rb": [
        1,
        1,
        1,
        1,
        1,
        1,
        null,
        null,
        1,
        null,
        1,
        1,
        1,
        null,
        null,
        1,
        1,
        null,
        1,
        1,
        null,
        null,
        1,
        0,
        null,
        null,
        1,
        0,
        null,
        null,
        1,
        0,
        null,
        null,
        1,
        0,
        null,
        null,
        null
      ],
      "/Users/paulgrever/Documents/paid_projects/dr_kealy/config/environment.rb": [
        null,
        1,
        null,
        null,
        1
      ],
      "/Users/paulgrever/Documents/paid_projects/dr_kealy/config/application.rb": [
        1,
        null,
        1,
        null,
        1,
        1,
        1,
        1,
        1,
        1,
        1,
        null,
        null,
        null,
        null,
        1,
        null,
        1,
        1,
        null,
        null,
        null,
        null,
        null,
        null,
        null,
        null,
        null,
        null,
        null,
        null,
        null,
        1,
        null,
        null
      ],
      "/Users/paulgrever/Documents/paid_projects/dr_kealy/config/boot.rb": [
        1,
        null,
        1
      ],
      "/Users/paulgrever/Documents/paid_projects/dr_kealy/config/environments/test.rb": [
        1,
        null,
        null,
        null,
        null,
        null,
        null,
        1,
        null,
        null,
        null,
        null,
        1,
        null,
        null,
        1,
        1,
        null,
        null,
        1,
        1,
        null,
        null,
        1,
        null,
        null,
        1,
        null,
        null,
        null,
        null,
        1,
        null,
        null,
        1,
        null,
        null,
        1,
        null,
        null,
        null,
        null
      ],
      "/Users/paulgrever/Documents/paid_projects/dr_kealy/config/initializers/assets.rb": [
        null,
        null,
        null,
        1,
        null,
        null,
        null,
        null,
        null,
        null,
        null
      ],
      "/Users/paulgrever/Documents/paid_projects/dr_kealy/config/initializers/backtrace_silencers.rb": [
        null,
        null,
        null,
        null,
        null,
        null,
        null
      ],
      "/Users/paulgrever/Documents/paid_projects/dr_kealy/config/initializers/cookies_serializer.rb": [
        null,
        null,
        1
      ],
      "/Users/paulgrever/Documents/paid_projects/dr_kealy/config/initializers/filter_parameter_logging.rb": [
        null,
        null,
        null,
        1
      ],
      "/Users/paulgrever/Documents/paid_projects/dr_kealy/config/initializers/inflections.rb": [
        null,
        null,
        null,
        null,
        null,
        null,
        null,
        null,
        null,
        null,
        null,
        null,
        null,
        null,
        null,
        null
      ],
      "/Users/paulgrever/Documents/paid_projects/dr_kealy/config/initializers/mime_types.rb": [
        null,
        null,
        null,
        null
      ],
      "/Users/paulgrever/Documents/paid_projects/dr_kealy/config/initializers/session_store.rb": [
        null,
        null,
        1
      ],
      "/Users/paulgrever/Documents/paid_projects/dr_kealy/config/initializers/wrap_parameters.rb": [
        null,
        null,
        null,
        null,
        null,
        null,
        1,
        1,
        null,
        null,
        null,
        null,
        null,
        null
      ],
      "/Users/paulgrever/Documents/paid_projects/dr_kealy/config/routes.rb": [
        1,
        1,
        1,
        null
      ],
      "/Users/paulgrever/Documents/paid_projects/dr_kealy/app/helpers/application_helper.rb": [
        1,
        null
      ],
      "/Users/paulgrever/Documents/paid_projects/dr_kealy/app/helpers/home_helper.rb": [
        1,
        null
      ],
      "/Users/paulgrever/Documents/paid_projects/dr_kealy/app/controllers/home_controller.rb": [
        1,
        1,
        null,
        null
      ],
      "/Users/paulgrever/Documents/paid_projects/dr_kealy/app/controllers/application_controller.rb": [
        1,
        null,
        null,
        1,
        null
      ],
      "/Users/paulgrever/Documents/paid_projects/dr_kealy/spec/helpers/home_helper_spec.rb": [
        1,
        null,
        null,
        null,
        null,
        null,
        null,
        null,
        null,
        null,
        null,
        null,
        1,
        1,
        null
      ]
    },
    "timestamp": 1435699580
  }
}
